[debug] [2023-07-10T07:15:23.683Z] ----------------------------------------------------------------------
[debug] [2023-07-10T07:15:23.690Z] Command:       C:\Program Files\nodejs\node.exe C:\Users\harsh\AppData\Roaming\npm\node_modules\firebase-tools\lib\bin\firebase.js emulators:start
[debug] [2023-07-10T07:15:23.691Z] CLI Version:   12.4.3
[debug] [2023-07-10T07:15:23.693Z] Platform:      win32
[debug] [2023-07-10T07:15:23.693Z] Node Version:  v18.13.0
[debug] [2023-07-10T07:15:23.696Z] Time:          Mon Jul 10 2023 12:45:23 GMT+0530 (India Standard Time)
[debug] [2023-07-10T07:15:23.697Z] ----------------------------------------------------------------------
[debug] 
[debug] [2023-07-10T07:15:24.387Z] > command requires scopes: ["email","openid","https://www.googleapis.com/auth/cloudplatformprojects.readonly","https://www.googleapis.com/auth/firebase","https://www.googleapis.com/auth/cloud-platform"]
[debug] [2023-07-10T07:15:24.390Z] > authorizing via signed-in user (harsh07natu@gmail.com)
[info] i  emulators: Starting emulators: functions, hosting {"metadata":{"emulator":{"name":"hub"},"message":"Starting emulators: functions, hosting"}}
[debug] [2023-07-10T07:15:24.460Z] [logging] Logging Emulator only supports listening on one address (127.0.0.1). Not listening on ::1
[debug] [2023-07-10T07:15:24.463Z] [hosting] Hosting Emulator only supports listening on one address (127.0.0.1). Not listening on ::1
[debug] [2023-07-10T07:15:24.466Z] assigned listening specs for emulators {"user":{"hub":[{"address":"127.0.0.1","family":"IPv4","port":4400},{"address":"::1","family":"IPv6","port":4400}],"ui":[{"address":"127.0.0.1","family":"IPv4","port":4000},{"address":"::1","family":"IPv6","port":4000}],"logging":[{"address":"127.0.0.1","family":"IPv4","port":4500}],"hosting":[{"address":"127.0.0.1","family":"IPv4","port":5000}]},"metadata":{"message":"assigned listening specs for emulators"}}
[debug] [2023-07-10T07:15:24.524Z] [hub] writing locator at C:\Users\harsh\AppData\Local\Temp\hub-clone-c4501.json
[debug] [2023-07-10T07:15:24.679Z] [functions] Functions Emulator only supports listening on one address (127.0.0.1). Not listening on ::1
[debug] [2023-07-10T07:15:24.680Z] [eventarc] Eventarc Emulator only supports listening on one address (127.0.0.1). Not listening on ::1
[debug] [2023-07-10T07:15:24.681Z] late-assigned ports for functions and eventarc emulators {"user":{"hub":[{"address":"127.0.0.1","family":"IPv4","port":4400},{"address":"::1","family":"IPv6","port":4400}],"ui":[{"address":"127.0.0.1","family":"IPv4","port":4000},{"address":"::1","family":"IPv6","port":4000}],"logging":[{"address":"127.0.0.1","family":"IPv4","port":4500}],"hosting":[{"address":"127.0.0.1","family":"IPv4","port":5000}],"functions":[{"address":"127.0.0.1","family":"IPv4","port":5001}],"eventarc":[{"address":"127.0.0.1","family":"IPv4","port":9299}]},"metadata":{"message":"late-assigned ports for functions and eventarc emulators"}}
[warn] !  functions: The following emulators are not running, calls to these services from the Functions emulator will affect production: auth, firestore, database, pubsub, storage {"metadata":{"emulator":{"name":"functions"},"message":"The following emulators are not running, calls to these services from the Functions emulator will affect production: \u001b[1mauth, firestore, database, pubsub, storage\u001b[22m"}}
[debug] [2023-07-10T07:15:24.739Z] defaultcredentials: writing to file C:\Users\harsh\AppData\Roaming\firebase\harsh07natu_gmail_com_application_default_credentials.json
[debug] [2023-07-10T07:15:24.848Z] Setting GAC to C:\Users\harsh\AppData\Roaming\firebase\harsh07natu_gmail_com_application_default_credentials.json {"metadata":{"emulator":{"name":"functions"},"message":"Setting GAC to C:\\Users\\harsh\\AppData\\Roaming\\firebase\\harsh07natu_gmail_com_application_default_credentials.json"}}
[debug] [2023-07-10T07:15:24.868Z] >>> [apiv2][query] GET https://firebase.googleapis.com/v1beta1/projects/clone-c4501/adminSdkConfig [none]
[debug] [2023-07-10T07:15:25.508Z] <<< [apiv2][status] GET https://firebase.googleapis.com/v1beta1/projects/clone-c4501/adminSdkConfig 200
[debug] [2023-07-10T07:15:25.508Z] <<< [apiv2][body] GET https://firebase.googleapis.com/v1beta1/projects/clone-c4501/adminSdkConfig {"projectId":"clone-c4501","storageBucket":"clone-c4501.appspot.com"}
[debug] [2023-07-10T07:15:25.566Z] >>> [apiv2][query] GET https://firebasehosting.googleapis.com/v1beta1/projects/clone-c4501/sites 
[debug] [2023-07-10T07:15:26.823Z] <<< [apiv2][status] GET https://firebasehosting.googleapis.com/v1beta1/projects/clone-c4501/sites 200
[debug] [2023-07-10T07:15:26.823Z] <<< [apiv2][body] GET https://firebasehosting.googleapis.com/v1beta1/projects/clone-c4501/sites {"sites":[{"name":"projects/clone-c4501/sites/clone-c4501","defaultUrl":"https://clone-c4501.web.app","appId":"1:456616194437:web:d06bd66ef6fe2377c854ec","type":"DEFAULT_SITE"}]}
[debug] [2023-07-10T07:15:26.824Z] >>> [apiv2][query] GET https://firebase.googleapis.com/v1beta1/projects/clone-c4501/webApps/1:456616194437:web:d06bd66ef6fe2377c854ec/config [none]
[debug] [2023-07-10T07:15:28.461Z] <<< [apiv2][status] GET https://firebase.googleapis.com/v1beta1/projects/clone-c4501/webApps/1:456616194437:web:d06bd66ef6fe2377c854ec/config 200
[debug] [2023-07-10T07:15:28.461Z] <<< [apiv2][body] GET https://firebase.googleapis.com/v1beta1/projects/clone-c4501/webApps/1:456616194437:web:d06bd66ef6fe2377c854ec/config {"projectId":"clone-c4501","appId":"1:456616194437:web:d06bd66ef6fe2377c854ec","storageBucket":"clone-c4501.appspot.com","apiKey":"AIzaSyCaYKbE8zRDAoYR-F3CM5Z4dmnaUujJQUY","authDomain":"clone-c4501.firebaseapp.com","messagingSenderId":"456616194437","measurementId":"G-D7P89QHH6T"}
[debug] [2023-07-10T07:15:28.476Z] >>> [apiv2][query] GET https://firebase.googleapis.com/v1beta1/projects/clone-c4501 [none]
[debug] [2023-07-10T07:15:29.220Z] <<< [apiv2][status] GET https://firebase.googleapis.com/v1beta1/projects/clone-c4501 200
[debug] [2023-07-10T07:15:29.221Z] <<< [apiv2][body] GET https://firebase.googleapis.com/v1beta1/projects/clone-c4501 {"projectId":"clone-c4501","projectNumber":"456616194437","displayName":"amazon-clone","name":"projects/clone-c4501","resources":{"hostingSite":"clone-c4501"},"state":"ACTIVE","etag":"1_92daa75c-e9b4-4fe8-afde-ab44fe426b89"}
[info] i  hosting[clone-c4501]: Serving hosting files from: build {"metadata":{"emulator":{"name":"hosting"},"message":"Serving hosting files from: \u001b[1mbuild\u001b[22m"}}
[info] +  hosting[clone-c4501]: Local server: http://127.0.0.1:5000 {"metadata":{"emulator":{"name":"hosting"},"message":"Local server: \u001b[4m\u001b[1mhttp://127.0.0.1:5000\u001b[22m\u001b[24m"}}
[debug] [2023-07-10T07:15:29.414Z] Ignoring unsupported arg: auto_download {"metadata":{"emulator":{"name":"ui"},"message":"Ignoring unsupported arg: auto_download"}}
[debug] [2023-07-10T07:15:29.417Z] Ignoring unsupported arg: port {"metadata":{"emulator":{"name":"ui"},"message":"Ignoring unsupported arg: port"}}
[debug] [2023-07-10T07:15:29.418Z] Starting Emulator UI with command {"binary":"node","args":["C:\\Users\\harsh\\.cache\\firebase\\emulators\\ui-v1.11.7\\server\\server.js"],"optionalArgs":[],"joinArgs":false} {"metadata":{"emulator":{"name":"ui"},"message":"Starting Emulator UI with command {\"binary\":\"node\",\"args\":[\"C:\\\\Users\\\\harsh\\\\.cache\\\\firebase\\\\emulators\\\\ui-v1.11.7\\\\server\\\\server.js\"],\"optionalArgs\":[],\"joinArgs\":false}"}}
[info] i  ui: Emulator UI logging to ui-debug.log {"metadata":{"emulator":{"name":"ui"},"message":"Emulator UI logging to \u001b[1mui-debug.log\u001b[22m"}}
[debug] [2023-07-10T07:15:30.518Z] Web / API server started at 127.0.0.1:4000
 {"metadata":{"emulator":{"name":"ui"},"message":"Web / API server started at 127.0.0.1:4000\n"}}
[debug] [2023-07-10T07:15:30.520Z] Web / API server started at ::1:4000
 {"metadata":{"emulator":{"name":"ui"},"message":"Web / API server started at ::1:4000\n"}}
[info] i  functions: Watching "C:\Users\harsh\OneDrive\Desktop\amazon-clone\functions" for Cloud Functions... {"metadata":{"emulator":{"name":"functions"},"message":"Watching \"C:\\Users\\harsh\\OneDrive\\Desktop\\amazon-clone\\functions\" for Cloud Functions..."}}
[debug] [2023-07-10T07:15:30.673Z] Validating nodejs source
[debug] [2023-07-10T07:15:35.300Z] > [functions] package.json contents: {
  "name": "functions",
  "description": "Cloud Functions for Firebase",
  "scripts": {
    "lint": "eslint .",
    "serve": "firebase emulators:start --only functions",
    "shell": "firebase functions:shell",
    "start": "npm run shell",
    "deploy": "firebase deploy --only functions",
    "logs": "firebase functions:log"
  },
  "engines": {
    "node": "18"
  },
  "main": "index.js",
  "dependencies": {
    "cors": "^2.8.5",
    "express": "^4.18.2",
    "firebase-admin": "^11.8.0",
    "firebase-functions": "^4.3.1",
    "stripe": "^12.12.0"
  },
  "devDependencies": {
    "eslint": "^8.15.0",
    "eslint-config-google": "^0.14.0",
    "firebase-functions-test": "^3.1.0"
  },
  "private": true
}
[debug] [2023-07-10T07:15:35.300Z] Building nodejs source
[debug] [2023-07-10T07:15:35.302Z] Failed to find version of module node: reached end of search path C:\Users\harsh\OneDrive\Desktop\amazon-clone\functions\node_modules
[info] +  functions: Using node@18 from host. 
[debug] [2023-07-10T07:15:35.314Z] Could not find functions.yaml. Must use http discovery
[debug] [2023-07-10T07:15:35.347Z] Found firebase-functions binary at 'C:\Users\harsh\OneDrive\Desktop\amazon-clone\functions\node_modules\.bin\firebase-functions'
[info] Serving at port 8176

[debug] [2023-07-10T07:15:38.282Z] Got response from /__/functions.yaml {"endpoints":{"api":{"platform":"gcfv1","availableMemoryMb":null,"timeoutSeconds":null,"minInstances":null,"maxInstances":null,"ingressSettings":null,"serviceAccountEmail":null,"vpc":null,"httpsTrigger":{},"entryPoint":"api"}},"specVersion":"v1alpha1","requiredAPIs":[]}
[info] shutdown requested via /__/quitquitquit

[info] +  functions: Loaded functions definitions from source: api. {"metadata":{"emulator":{"name":"functions"},"message":"Loaded functions definitions from source: api."}}
[info] +  functions[us-central1-api]: http function initialized (http://127.0.0.1:5001/clone-c4501/us-central1/api). {"metadata":{"emulator":{"name":"functions"},"message":"\u001b[1mhttp\u001b[22m function initialized (http://127.0.0.1:5001/clone-c4501/us-central1/api)."}}
[info] 
┌─────────────────────────────────────────────────────────────┐
│ ✔  All emulators ready! It is now safe to connect your app. │
│ i  View Emulator UI at http://127.0.0.1:4000/               │
└─────────────────────────────────────────────────────────────┘

┌───────────┬────────────────┬─────────────────────────────────┐
│ Emulator  │ Host:Port      │ View in Emulator UI             │
├───────────┼────────────────┼─────────────────────────────────┤
│ Functions │ 127.0.0.1:5001 │ http://127.0.0.1:4000/functions │
├───────────┼────────────────┼─────────────────────────────────┤
│ Hosting   │ 127.0.0.1:5000 │ n/a                             │
└───────────┴────────────────┴─────────────────────────────────┘
  Emulator Hub running at 127.0.0.1:4400
  Other reserved ports: 4500

Issues? Report them at https://github.com/firebase/firebase-tools/issues and attach the *-debug.log files.
 
[debug] [2023-07-10T07:16:11.238Z] [work-queue] {"queuedWork":["/clone-c4501/us-central1/api-2023-07-10T07:16:11.236Z"],"queueLength":1,"runningWork":[],"workRunningCount":0}
[debug] [2023-07-10T07:16:11.240Z] [work-queue] {"queuedWork":[],"queueLength":0,"runningWork":["/clone-c4501/us-central1/api-2023-07-10T07:16:11.236Z"],"workRunningCount":1}
[debug] [2023-07-10T07:16:11.243Z] Accepted request GET /clone-c4501/us-central1/api --> us-central1-api
[debug] [2023-07-10T07:16:11.261Z] [functions] Runtime ready! Sending request! {"metadata":{"emulator":{"name":"functions"},"message":"[functions] Runtime ready! Sending request!"}}
[debug] [2023-07-10T07:16:11.264Z] [functions] Got req.url=/clone-c4501/us-central1/api, mapping to path=/ {"metadata":{"emulator":{"name":"functions"},"message":"[functions] Got req.url=/clone-c4501/us-central1/api, mapping to path=/"}}
[debug] [2023-07-10T07:16:11.337Z] [worker-pool] addWorker(us-central1-api) {"metadata":{"emulator":{"name":"functions"},"message":"[worker-pool] addWorker(us-central1-api)"}}
[debug] [2023-07-10T07:16:11.352Z] [worker-pool] Adding worker with key us-central1-api, total=1 {"metadata":{"emulator":{"name":"functions"},"message":"[worker-pool] Adding worker with key us-central1-api, total=1"}}
[debug] [2023-07-10T07:16:16.520Z] [runtime-status] [21212] Resolved module firebase-admin {"declared":true,"installed":true,"version":"11.9.0","resolution":"C:\\Users\\harsh\\OneDrive\\Desktop\\amazon-clone\\functions\\node_modules\\firebase-admin\\lib\\index.js"} {"metadata":{"emulator":{"name":"functions"},"function":{"name":"us-central1-api"},"extension":{},"message":"[runtime-status] [21212] Resolved module firebase-admin {\"declared\":true,\"installed\":true,\"version\":\"11.9.0\",\"resolution\":\"C:\\\\Users\\\\harsh\\\\OneDrive\\\\Desktop\\\\amazon-clone\\\\functions\\\\node_modules\\\\firebase-admin\\\\lib\\\\index.js\"}"}}
[debug] [2023-07-10T07:16:16.525Z] [runtime-status] [21212] Resolved module firebase-functions {"declared":true,"installed":true,"version":"4.4.1","resolution":"C:\\Users\\harsh\\OneDrive\\Desktop\\amazon-clone\\functions\\node_modules\\firebase-functions\\lib\\v1\\index.js"} {"metadata":{"emulator":{"name":"functions"},"function":{"name":"us-central1-api"},"extension":{},"message":"[runtime-status] [21212] Resolved module firebase-functions {\"declared\":true,\"installed\":true,\"version\":\"4.4.1\",\"resolution\":\"C:\\\\Users\\\\harsh\\\\OneDrive\\\\Desktop\\\\amazon-clone\\\\functions\\\\node_modules\\\\firebase-functions\\\\lib\\\\v1\\\\index.js\"}"}}
[debug] [2023-07-10T07:16:16.527Z] [runtime-status] [21212] Outgoing network have been stubbed. [{"name":"http","status":"mocked"},{"name":"http","status":"mocked"},{"name":"https","status":"mocked"},{"name":"https","status":"mocked"},{"name":"net","status":"mocked"}] {"metadata":{"emulator":{"name":"functions"},"function":{"name":"us-central1-api"},"extension":{},"message":"[runtime-status] [21212] Outgoing network have been stubbed. [{\"name\":\"http\",\"status\":\"mocked\"},{\"name\":\"http\",\"status\":\"mocked\"},{\"name\":\"https\",\"status\":\"mocked\"},{\"name\":\"https\",\"status\":\"mocked\"},{\"name\":\"net\",\"status\":\"mocked\"}]"}}
[debug] [2023-07-10T07:16:16.530Z] [runtime-status] [21212] Resolved module firebase-functions {"declared":true,"installed":true,"version":"4.4.1","resolution":"C:\\Users\\harsh\\OneDrive\\Desktop\\amazon-clone\\functions\\node_modules\\firebase-functions\\lib\\v1\\index.js"} {"metadata":{"emulator":{"name":"functions"},"function":{"name":"us-central1-api"},"extension":{},"message":"[runtime-status] [21212] Resolved module firebase-functions {\"declared\":true,\"installed\":true,\"version\":\"4.4.1\",\"resolution\":\"C:\\\\Users\\\\harsh\\\\OneDrive\\\\Desktop\\\\amazon-clone\\\\functions\\\\node_modules\\\\firebase-functions\\\\lib\\\\v1\\\\index.js\"}"}}
[debug] [2023-07-10T07:16:17.768Z] [runtime-status] [21212] Checked functions.config() {"config":{}} {"metadata":{"emulator":{"name":"functions"},"function":{"name":"us-central1-api"},"extension":{},"message":"[runtime-status] [21212] Checked functions.config() {\"config\":{}}"}}
[debug] [2023-07-10T07:16:17.769Z] [runtime-status] [21212] firebase-functions has been stubbed. {"functionsResolution":{"declared":true,"installed":true,"version":"4.4.1","resolution":"C:\\Users\\harsh\\OneDrive\\Desktop\\amazon-clone\\functions\\node_modules\\firebase-functions\\lib\\v1\\index.js"}} {"metadata":{"emulator":{"name":"functions"},"function":{"name":"us-central1-api"},"extension":{},"message":"[runtime-status] [21212] firebase-functions has been stubbed. {\"functionsResolution\":{\"declared\":true,\"installed\":true,\"version\":\"4.4.1\",\"resolution\":\"C:\\\\Users\\\\harsh\\\\OneDrive\\\\Desktop\\\\amazon-clone\\\\functions\\\\node_modules\\\\firebase-functions\\\\lib\\\\v1\\\\index.js\"}}"}}
[debug] [2023-07-10T07:16:17.773Z] [runtime-status] [21212] Resolved module firebase-functions {"declared":true,"installed":true,"version":"4.4.1","resolution":"C:\\Users\\harsh\\OneDrive\\Desktop\\amazon-clone\\functions\\node_modules\\firebase-functions\\lib\\v1\\index.js"} {"metadata":{"emulator":{"name":"functions"},"function":{"name":"us-central1-api"},"extension":{},"message":"[runtime-status] [21212] Resolved module firebase-functions {\"declared\":true,\"installed\":true,\"version\":\"4.4.1\",\"resolution\":\"C:\\\\Users\\\\harsh\\\\OneDrive\\\\Desktop\\\\amazon-clone\\\\functions\\\\node_modules\\\\firebase-functions\\\\lib\\\\v1\\\\index.js\"}"}}
[debug] [2023-07-10T07:16:17.780Z] [runtime-status] [21212] Resolved module firebase-admin {"declared":true,"installed":true,"version":"11.9.0","resolution":"C:\\Users\\harsh\\OneDrive\\Desktop\\amazon-clone\\functions\\node_modules\\firebase-admin\\lib\\index.js"} {"metadata":{"emulator":{"name":"functions"},"function":{"name":"us-central1-api"},"extension":{},"message":"[runtime-status] [21212] Resolved module firebase-admin {\"declared\":true,\"installed\":true,\"version\":\"11.9.0\",\"resolution\":\"C:\\\\Users\\\\harsh\\\\OneDrive\\\\Desktop\\\\amazon-clone\\\\functions\\\\node_modules\\\\firebase-admin\\\\lib\\\\index.js\"}"}}
[debug] [2023-07-10T07:16:17.799Z] [runtime-status] [21212] Resolved module firebase-functions {"declared":true,"installed":true,"version":"4.4.1","resolution":"C:\\Users\\harsh\\OneDrive\\Desktop\\amazon-clone\\functions\\node_modules\\firebase-functions\\lib\\v1\\index.js"} {"metadata":{"emulator":{"name":"functions"},"function":{"name":"us-central1-api"},"extension":{},"message":"[runtime-status] [21212] Resolved module firebase-functions {\"declared\":true,\"installed\":true,\"version\":\"4.4.1\",\"resolution\":\"C:\\\\Users\\\\harsh\\\\OneDrive\\\\Desktop\\\\amazon-clone\\\\functions\\\\node_modules\\\\firebase-functions\\\\lib\\\\v1\\\\index.js\"}"}}
[debug] [2023-07-10T07:16:17.801Z] [runtime-status] [21212] firebase-admin has been stubbed. {"adminResolution":{"declared":true,"installed":true,"version":"11.9.0","resolution":"C:\\Users\\harsh\\OneDrive\\Desktop\\amazon-clone\\functions\\node_modules\\firebase-admin\\lib\\index.js"}} {"metadata":{"emulator":{"name":"functions"},"function":{"name":"us-central1-api"},"extension":{},"message":"[runtime-status] [21212] firebase-admin has been stubbed. {\"adminResolution\":{\"declared\":true,\"installed\":true,\"version\":\"11.9.0\",\"resolution\":\"C:\\\\Users\\\\harsh\\\\OneDrive\\\\Desktop\\\\amazon-clone\\\\functions\\\\node_modules\\\\firebase-admin\\\\lib\\\\index.js\"}}"}}
[debug] [2023-07-10T07:16:18.660Z] [runtime-status] [21212] Functions runtime initialized. {"cwd":"C:\\Users\\harsh\\OneDrive\\Desktop\\amazon-clone\\functions","node_version":"18.13.0"} {"metadata":{"emulator":{"name":"functions"},"function":{"name":"us-central1-api"},"extension":{},"message":"[runtime-status] [21212] Functions runtime initialized. {\"cwd\":\"C:\\\\Users\\\\harsh\\\\OneDrive\\\\Desktop\\\\amazon-clone\\\\functions\",\"node_version\":\"18.13.0\"}"}}
[debug] [2023-07-10T07:16:18.661Z] [runtime-status] [21212] Listening to port: \\?\pipe\fire_emu_e613ea913451ae7e {"metadata":{"emulator":{"name":"functions"},"function":{"name":"us-central1-api"},"extension":{},"message":"[runtime-status] [21212] Listening to port: \\\\?\\pipe\\fire_emu_e613ea913451ae7e"}}
[debug] [2023-07-10T07:16:18.737Z] [worker-us-central1-api-06fab8be-615d-4791-b253-dac145b257f9]: IDLE {"metadata":{"emulator":{"name":"functions"},"function":{"name":"us-central1-api"},"extension":{},"message":"[worker-us-central1-api-06fab8be-615d-4791-b253-dac145b257f9]: IDLE"}}
[debug] [2023-07-10T07:16:18.738Z] [worker-pool] submitRequest(triggerId=us-central1-api) {"metadata":{"emulator":{"name":"functions"},"message":"[worker-pool] submitRequest(triggerId=us-central1-api)"}}
[info] i  functions: Beginning execution of "us-central1-api" {"metadata":{"emulator":{"name":"functions"},"function":{"name":"us-central1-api"},"extension":{},"message":"Beginning execution of \"us-central1-api\""}}
[debug] [2023-07-10T07:16:18.741Z] [worker-us-central1-api-06fab8be-615d-4791-b253-dac145b257f9]: BUSY {"metadata":{"emulator":{"name":"functions"},"function":{"name":"us-central1-api"},"extension":{},"message":"[worker-us-central1-api-06fab8be-615d-4791-b253-dac145b257f9]: BUSY"}}
[debug] [2023-07-10T07:16:18.771Z] Finishing up request with event=pause {"metadata":{"emulator":{"name":"functions"},"function":{"name":"us-central1-api"},"extension":{},"message":"Finishing up request with event=pause"}}
[info] i  functions: Finished "us-central1-api" in 31.0394ms {"metadata":{"emulator":{"name":"functions"},"function":{"name":"us-central1-api"},"extension":{},"message":"Finished \"us-central1-api\" in 31.0394ms"}}
[debug] [2023-07-10T07:16:18.779Z] [worker-us-central1-api-06fab8be-615d-4791-b253-dac145b257f9]: IDLE {"metadata":{"emulator":{"name":"functions"},"function":{"name":"us-central1-api"},"extension":{},"message":"[worker-us-central1-api-06fab8be-615d-4791-b253-dac145b257f9]: IDLE"}}
[debug] [2023-07-10T07:16:18.780Z] Finishing up request with event=finish {"metadata":{"emulator":{"name":"functions"},"function":{"name":"us-central1-api"},"extension":{},"message":"Finishing up request with event=finish"}}
[debug] [2023-07-10T07:16:18.781Z] Finishing up request with event=close {"metadata":{"emulator":{"name":"functions"},"function":{"name":"us-central1-api"},"extension":{},"message":"Finishing up request with event=close"}}
[debug] [2023-07-10T07:16:18.782Z] [work-queue] {"queuedWork":[],"queueLength":0,"runningWork":[],"workRunningCount":0}
[debug] [2023-07-10T07:16:18.959Z] Functions emulator received unknown request at path /favicon.ico
[debug] [2023-07-10T07:16:53.609Z] Received signal SIGHUP 1
